<?xml version="1.0" encoding="UTF-8"?>
<!-- Generated by org.testng.reporters.JUnitReportReporter -->
<testsuite skipped="4" hostname="Dhriti" name="Madhuri.AmazonE2E_Automation.AddingItemsToCart" tests="5" failures="0" timestamp="2020-07-14T23:15:00 EDT" time="45.142" errors="0">
  <testcase name="getItemsToCart" time="45.142" classname="Madhuri.AmazonE2E_Automation.AddingItemsToCart"/>
  <system-out/>
  <testcase name="getSearch" classname="Madhuri.AmazonE2E_Automation.AddingItemsToCart">
    <skipped/>
  </testcase> <!-- getSearch -->
  <system-out/>
  <testcase name="babyRegistry" classname="Madhuri.AmazonE2E_Automation.AddingItemsToCart">
    <skipped/>
  </testcase> <!-- babyRegistry -->
  <system-out/>
  <testcase name="pageTitle" classname="Madhuri.AmazonE2E_Automation.AddingItemsToCart">
    <skipped/>
  </testcase> <!-- pageTitle -->
  <system-out/>
  <testcase name="createAmazonAcc" classname="Madhuri.AmazonE2E_Automation.AddingItemsToCart">
    <skipped/>
  </testcase> <!-- createAmazonAcc -->
  <system-out/>
</testsuite> <!-- Madhuri.AmazonE2E_Automation.AddingItemsToCart -->
